<?xml version="1.0" encoding="UTF-8" ?>
<testsuite tests="3" failures="0" name="org.seckill.dao.SeckillDaoTest" time="1.082" errors="1" skipped="0">
  <properties>
[...]
</properties>
  <testcase classname="org.seckill.dao.SeckillDaoTest" name="queryById" time="1.08">
    <error message="nested exception is org.apache.ibatis.exceptions.PersistenceException: 
### Error querying database.  Cause: org.springframework.jdbc.CannotGetJdbcConnectionException: Could not get JDBC Connection; nested exception is java.sql.SQLException: An attempt by a client to checkout a Connection has timed out.
### The error may exist in file [E:\masterSpring\seckill\target\classes\mapper\SeckillDao.xml]
### The error may involve org.seckill.dao.SeckillDao.queryById
### The error occurred while executing a query
### Cause: org.springframework.jdbc.CannotGetJdbcConnectionException: Could not get JDBC Connection; nested exception is java.sql.SQLException: An attempt by a client to checkout a Connection has timed out." type="org.mybatis.spring.MyBatisSystemException">org.mybatis.spring.MyBatisSystemException: nested exception is org.apache.ibatis.exceptions.PersistenceException: 
### Error querying database.  Cause: org.springframework.jdbc.CannotGetJdbcConnectionException: Could not get JDBC Connection; nested exception is java.sql.SQLException: An attempt by a client to checkout a Connection has timed out.
### The error may exist in file [E:\masterSpring\seckill\target\classes\mapper\SeckillDao.xml]
### The error may involve org.seckill.dao.SeckillDao.queryById
### The error occurred while executing a query
### Cause: org.springframework.jdbc.CannotGetJdbcConnectionException: Could not get JDBC Connection; nested exception is java.sql.SQLException: An attempt by a client to checkout a Connection has timed out.
	at org.mybatis.spring.MyBatisExceptionTranslator.translateExceptionIfPossible(MyBatisExceptionTranslator.java:76)
	at org.mybatis.spring.SqlSessionTemplate$SqlSessionInterceptor.invoke(SqlSessionTemplate.java:399)
	at com.sun.proxy.$Proxy16.selectOne(Unknown Source)
	at org.mybatis.spring.SqlSessionTemplate.selectOne(SqlSessionTemplate.java:165)
	at org.apache.ibatis.binding.MapperMethod.execute(MapperMethod.java:69)
	at org.apache.ibatis.binding.MapperProxy.invoke(MapperProxy.java:53)
	at com.sun.proxy.$Proxy17.queryById(Unknown Source)
	at org.seckill.dao.SeckillDaoTest.queryById(SeckillDaoTest.java:23)
	at sun.reflect.NativeMethodAccessorImpl.invoke0(Native Method)
	at sun.reflect.NativeMethodAccessorImpl.invoke(NativeMethodAccessorImpl.java:62)
	at sun.reflect.DelegatingMethodAccessorImpl.invoke(DelegatingMethodAccessorImpl.java:43)
	at java.lang.reflect.Method.invoke(Method.java:498)
	at org.junit.runners.model.FrameworkMethod$1.runReflectiveCall(FrameworkMethod.java:50)
	at org.junit.internal.runners.model.ReflectiveCallable.run(ReflectiveCallable.java:12)
	at org.junit.runners.model.FrameworkMethod.invokeExplosively(FrameworkMethod.java:47)
	at org.junit.internal.runners.statements.InvokeMethod.evaluate(InvokeMethod.java:17)
	at org.springframework.test.context.junit4.statements.RunBeforeTestMethodCallbacks.evaluate(RunBeforeTestMethodCallbacks.java:75)
	at org.springframework.test.context.junit4.statements.RunAfterTestMethodCallbacks.evaluate(RunAfterTestMethodCallbacks.java:86)
	at org.springframework.test.context.junit4.statements.SpringRepeat.evaluate(SpringRepeat.java:84)
	at org.junit.runners.ParentRunner.runLeaf(ParentRunner.java:325)
	at org.springframework.test.context.junit4.SpringJUnit4ClassRunner.runChild(SpringJUnit4ClassRunner.java:252)
	at org.springframework.test.context.junit4.SpringJUnit4ClassRunner.runChild(SpringJUnit4ClassRunner.java:94)
	at org.junit.runners.ParentRunner$3.run(ParentRunner.java:290)
	at org.junit.runners.ParentRunner$1.schedule(ParentRunner.java:71)
	at org.junit.runners.ParentRunner.runChildren(ParentRunner.java:288)
	at org.junit.runners.ParentRunner.access$000(ParentRunner.java:58)
	at org.junit.runners.ParentRunner$2.evaluate(ParentRunner.java:268)
	at org.springframework.test.context.junit4.statements.RunBeforeTestClassCallbacks.evaluate(RunBeforeTestClassCallbacks.java:61)
	at org.springframework.test.context.junit4.statements.RunAfterTestClassCallbacks.evaluate(RunAfterTestClassCallbacks.java:70)
	at org.junit.runners.ParentRunner.run(ParentRunner.java:363)
	at org.springframework.test.context.junit4.SpringJUnit4ClassRunner.run(SpringJUnit4ClassRunner.java:191)
	at org.apache.maven.surefire.junit4.JUnit4Provider.execute(JUnit4Provider.java:252)
	at org.apache.maven.surefire.junit4.JUnit4Provider.executeTestSet(JUnit4Provider.java:141)
	at org.apache.maven.surefire.junit4.JUnit4Provider.invoke(JUnit4Provider.java:112)
	at sun.reflect.NativeMethodAccessorImpl.invoke0(Native Method)
	at sun.reflect.NativeMethodAccessorImpl.invoke(NativeMethodAccessorImpl.java:62)
	at sun.reflect.DelegatingMethodAccessorImpl.invoke(DelegatingMethodAccessorImpl.java:43)
	at java.lang.reflect.Method.invoke(Method.java:498)
	at org.apache.maven.surefire.util.ReflectionUtils.invokeMethodWithArray(ReflectionUtils.java:189)
	at org.apache.maven.surefire.booter.ProviderFactory$ProviderProxy.invoke(ProviderFactory.java:165)
	at org.apache.maven.surefire.booter.ProviderFactory.invokeProvider(ProviderFactory.java:85)
	at org.apache.maven.surefire.booter.ForkedBooter.runSuitesInProcess(ForkedBooter.java:115)
	at org.apache.maven.surefire.booter.ForkedBooter.main(ForkedBooter.java:75)
Caused by: org.apache.ibatis.exceptions.PersistenceException: 
### Error querying database.  Cause: org.springframework.jdbc.CannotGetJdbcConnectionException: Could not get JDBC Connection; nested exception is java.sql.SQLException: An attempt by a client to checkout a Connection has timed out.
### The error may exist in file [E:\masterSpring\seckill\target\classes\mapper\SeckillDao.xml]
### The error may involve org.seckill.dao.SeckillDao.queryById
### The error occurred while executing a query
### Cause: org.springframework.jdbc.CannotGetJdbcConnectionException: Could not get JDBC Connection; nested exception is java.sql.SQLException: An attempt by a client to checkout a Connection has timed out.
	at org.apache.ibatis.exceptions.ExceptionFactory.wrapException(ExceptionFactory.java:30)
	at org.apache.ibatis.session.defaults.DefaultSqlSession.selectList(DefaultSqlSession.java:122)
	at org.apache.ibatis.session.defaults.DefaultSqlSession.selectList(DefaultSqlSession.java:113)
	at org.apache.ibatis.session.defaults.DefaultSqlSession.selectOne(DefaultSqlSession.java:73)
	at sun.reflect.NativeMethodAccessorImpl.invoke0(Native Method)
	at sun.reflect.NativeMethodAccessorImpl.invoke(NativeMethodAccessorImpl.java:62)
	at sun.reflect.DelegatingMethodAccessorImpl.invoke(DelegatingMethodAccessorImpl.java:43)
	at java.lang.reflect.Method.invoke(Method.java:498)
	at org.mybatis.spring.SqlSessionTemplate$SqlSessionInterceptor.invoke(SqlSessionTemplate.java:386)
	... 41 more
Caused by: org.springframework.jdbc.CannotGetJdbcConnectionException: Could not get JDBC Connection; nested exception is java.sql.SQLException: An attempt by a client to checkout a Connection has timed out.
	at org.springframework.jdbc.datasource.DataSourceUtils.getConnection(DataSourceUtils.java:80)
	at org.mybatis.spring.transaction.SpringManagedTransaction.openConnection(SpringManagedTransaction.java:82)
	at org.mybatis.spring.transaction.SpringManagedTransaction.getConnection(SpringManagedTransaction.java:68)
	at org.apache.ibatis.executor.BaseExecutor.getConnection(BaseExecutor.java:315)
	at org.apache.ibatis.executor.SimpleExecutor.prepareStatement(SimpleExecutor.java:75)
	at org.apache.ibatis.executor.SimpleExecutor.doQuery(SimpleExecutor.java:61)
	at org.apache.ibatis.executor.BaseExecutor.queryFromDatabase(BaseExecutor.java:303)
	at org.apache.ibatis.executor.BaseExecutor.query(BaseExecutor.java:154)
	at org.apache.ibatis.executor.CachingExecutor.query(CachingExecutor.java:102)
	at org.apache.ibatis.executor.CachingExecutor.query(CachingExecutor.java:82)
	at org.apache.ibatis.session.defaults.DefaultSqlSession.selectList(DefaultSqlSession.java:120)
	... 48 more
Caused by: java.sql.SQLException: An attempt by a client to checkout a Connection has timed out.
	at com.mchange.v2.sql.SqlUtils.toSQLException(SqlUtils.java:106)
	at com.mchange.v2.sql.SqlUtils.toSQLException(SqlUtils.java:65)
	at com.mchange.v2.c3p0.impl.C3P0PooledConnectionPool.checkoutPooledConnection(C3P0PooledConnectionPool.java:527)
	at com.mchange.v2.c3p0.impl.AbstractPoolBackedDataSource.getConnection(AbstractPoolBackedDataSource.java:128)
	at org.springframework.jdbc.datasource.DataSourceUtils.doGetConnection(DataSourceUtils.java:111)
	at org.springframework.jdbc.datasource.DataSourceUtils.getConnection(DataSourceUtils.java:77)
	... 58 more
Caused by: com.mchange.v2.resourcepool.TimeoutException: A client timed out while waiting to acquire a resource from com.mchange.v2.resourcepool.BasicResourcePool@5b38c1ec -- timeout at awaitAvailable()
	at com.mchange.v2.resourcepool.BasicResourcePool.awaitAvailable(BasicResourcePool.java:1317)
	at com.mchange.v2.resourcepool.BasicResourcePool.prelimCheckoutResource(BasicResourcePool.java:557)
	at com.mchange.v2.resourcepool.BasicResourcePool.checkoutResource(BasicResourcePool.java:477)
	at com.mchange.v2.c3p0.impl.C3P0PooledConnectionPool.checkoutPooledConnection(C3P0PooledConnectionPool.java:525)
	... 61 more
</error>
    <system-out>22:38:44.209 [main] DEBUG org.apache.ibatis.logging.LogFactory - Logging initialized using &apos;class org.apache.ibatis.logging.slf4j.Slf4jImpl&apos; adapter.
22:38:44.281 [main] DEBUG org.apache.ibatis.io.ResolverUtil - Class not found: org.jboss.vfs.VFS
22:38:44.281 [main] DEBUG org.apache.ibatis.io.ResolverUtil - JBoss 6 VFS API is not available in this environment.
22:38:44.282 [main] DEBUG org.apache.ibatis.io.ResolverUtil - Class not found: org.jboss.vfs.VirtualFile
22:38:44.283 [main] DEBUG org.apache.ibatis.io.ResolverUtil - VFS implementation org.apache.ibatis.io.JBoss6VFS is not valid in this environment.
22:38:44.284 [main] DEBUG org.apache.ibatis.io.ResolverUtil - Using VFS adapter org.apache.ibatis.io.DefaultVFS
22:38:44.285 [main] DEBUG org.apache.ibatis.io.ResolverUtil - Find JAR URL: file:/E:/masterSpring/seckill/target/classes/org/seckill/entity
22:38:44.285 [main] DEBUG org.apache.ibatis.io.ResolverUtil - Not a JAR: file:/E:/masterSpring/seckill/target/classes/org/seckill/entity
22:38:44.337 [main] DEBUG org.apache.ibatis.io.ResolverUtil - Reader entry: SecKill.class
22:38:44.338 [main] DEBUG org.apache.ibatis.io.ResolverUtil - Reader entry: SuccessKilled.class
22:38:44.339 [main] DEBUG org.apache.ibatis.io.ResolverUtil - Listing file:/E:/masterSpring/seckill/target/classes/org/seckill/entity
22:38:44.339 [main] DEBUG org.apache.ibatis.io.ResolverUtil - Find JAR URL: file:/E:/masterSpring/seckill/target/classes/org/seckill/entity/SecKill.class
22:38:44.339 [main] DEBUG org.apache.ibatis.io.ResolverUtil - Not a JAR: file:/E:/masterSpring/seckill/target/classes/org/seckill/entity/SecKill.class
22:38:44.340 [main] DEBUG org.apache.ibatis.io.ResolverUtil - Reader entry: ����&amp;#0;&amp;#0;&amp;#0;1&amp;#0;\
22:38:44.342 [main] DEBUG org.apache.ibatis.io.ResolverUtil - Find JAR URL: file:/E:/masterSpring/seckill/target/classes/org/seckill/entity/SuccessKilled.class
22:38:44.342 [main] DEBUG org.apache.ibatis.io.ResolverUtil - Not a JAR: file:/E:/masterSpring/seckill/target/classes/org/seckill/entity/SuccessKilled.class
22:38:44.343 [main] DEBUG org.apache.ibatis.io.ResolverUtil - Reader entry: ����&amp;#0;&amp;#0;&amp;#0;1&amp;#0;5
22:38:44.344 [main] DEBUG org.apache.ibatis.io.ResolverUtil - Checking to see if class org.seckill.entity.SecKill matches criteria [is assignable to Object]
22:38:44.345 [main] DEBUG org.apache.ibatis.io.ResolverUtil - Checking to see if class org.seckill.entity.SuccessKilled matches criteria [is assignable to Object]
22:38:44.347 [main] DEBUG org.mybatis.spring.SqlSessionFactoryBean - Scanned package: &apos;org.seckill.entity&apos; for aliases
22:38:44.396 [main] DEBUG org.mybatis.spring.SqlSessionFactoryBean - Parsed configuration file: &apos;class path resource [mybatis-config.xml]&apos;
22:38:44.458 [main] DEBUG org.mybatis.spring.SqlSessionFactoryBean - Parsed mapper file: &apos;file [E:\masterSpring\seckill\target\classes\mapper\SeckillDao.xml]&apos;
22:38:44.470 [main] DEBUG org.mybatis.spring.SqlSessionFactoryBean - Parsed mapper file: &apos;file [E:\masterSpring\seckill\target\classes\mapper\SuccessKilledDao.xml]&apos;
22:38:44.600 [main] DEBUG org.mybatis.spring.SqlSessionUtils - Creating a new SqlSession
22:38:44.607 [main] DEBUG org.mybatis.spring.SqlSessionUtils - SqlSession [org.apache.ibatis.session.defaults.DefaultSqlSession@7d9d0818] was not registered for synchronization because synchronization is not active
22:38:45.658 [main] DEBUG org.mybatis.spring.SqlSessionUtils - Closing non transactional SqlSession [org.apache.ibatis.session.defaults.DefaultSqlSession@7d9d0818]
</system-out>
    <system-err>ʮ���� 17, 2017 10:38:42 ���� org.springframework.test.context.support.DefaultTestContextBootstrapper getDefaultTestExecutionListenerClassNames
��Ϣ: Loaded default TestExecutionListener class names from location [META-INF/spring.factories]: [org.springframework.test.context.web.ServletTestExecutionListener, org.springframework.test.context.support.DirtiesContextBeforeModesTestExecutionListener, org.springframework.test.context.support.DependencyInjectionTestExecutionListener, org.springframework.test.context.support.DirtiesContextTestExecutionListener, org.springframework.test.context.transaction.TransactionalTestExecutionListener, org.springframework.test.context.jdbc.SqlScriptsTestExecutionListener]
ʮ���� 17, 2017 10:38:43 ���� org.springframework.test.context.support.DefaultTestContextBootstrapper getTestExecutionListeners
��Ϣ: Using TestExecutionListeners: [org.springframework.test.context.web.ServletTestExecutionListener@4f933fd1, org.springframework.test.context.support.DirtiesContextBeforeModesTestExecutionListener@548a9f61, org.springframework.test.context.support.DependencyInjectionTestExecutionListener@1753acfe, org.springframework.test.context.support.DirtiesContextTestExecutionListener@7c16905e, org.springframework.test.context.transaction.TransactionalTestExecutionListener@2a2d45ba, org.springframework.test.context.jdbc.SqlScriptsTestExecutionListener@2a5ca609]
ʮ���� 17, 2017 10:38:43 ���� org.springframework.beans.factory.xml.XmlBeanDefinitionReader loadBeanDefinitions
��Ϣ: Loading XML bean definitions from class path resource [spring/spring-dao.xml]
ʮ���� 17, 2017 10:38:43 ���� org.springframework.context.support.GenericApplicationContext prepareRefresh
��Ϣ: Refreshing org.springframework.context.support.GenericApplicationContext@31ef45e3: startup date [Sun Dec 17 22:38:43 CST 2017]; root of context hierarchy
ʮ���� 17, 2017 10:38:43 ���� com.mchange.v2.log.MLog &lt;clinit&gt;
��Ϣ: MLog clients using java 1.4+ standard logging.
ʮ���� 17, 2017 10:38:44 ���� com.mchange.v2.c3p0.C3P0Registry banner
��Ϣ: Initializing c3p0-0.9.1.2 [built 21-May-2007 15:04:56; debug? true; trace: 10]
ʮ���� 17, 2017 10:38:44 ���� com.mchange.v2.c3p0.impl.AbstractPoolBackedDataSource getPoolManager
��Ϣ: Initializing c3p0 pool... com.mchange.v2.c3p0.ComboPooledDataSource [ acquireIncrement -&gt; 3, acquireRetryAttempts -&gt; 2, acquireRetryDelay -&gt; 1000, autoCommitOnClose -&gt; false, automaticTestTable -&gt; null, breakAfterAcquireFailure -&gt; false, checkoutTimeout -&gt; 1000, connectionCustomizerClassName -&gt; null, connectionTesterClassName -&gt; com.mchange.v2.c3p0.impl.DefaultConnectionTester, dataSourceName -&gt; 2vo1lq9srzzmet1vwfalg|21de60b4, debugUnreturnedConnectionStackTraces -&gt; false, description -&gt; null, driverClass -&gt; com.mysql.jdbc.Driver, factoryClassLocation -&gt; null, forceIgnoreUnresolvedTransactions -&gt; false, identityToken -&gt; 2vo1lq9srzzmet1vwfalg|21de60b4, idleConnectionTestPeriod -&gt; 0, initialPoolSize -&gt; 3, jdbcUrl -&gt; jdbc:mysql://localhost:3306/seckill?useUnicode=true&amp;characterEncoding=utf-8, maxAdministrativeTaskTime -&gt; 0, maxConnectionAge -&gt; 0, maxIdleTime -&gt; 0, maxIdleTimeExcessConnections -&gt; 0, maxPoolSize -&gt; 30, maxStatements -&gt; 0, maxStatementsPerConnection -&gt; 0, minPoolSize -&gt; 10, numHelperThreads -&gt; 3, numThreadsAwaitingCheckoutDefaultUser -&gt; 0, preferredTestQuery -&gt; null, properties -&gt; {user=******, password=******}, propertyCycle -&gt; 0, testConnectionOnCheckin -&gt; false, testConnectionOnCheckout -&gt; false, unreturnedConnectionTimeout -&gt; 0, usesTraditionalReflectiveProxies -&gt; false ]
</system-err>
  </testcase>
  <testcase classname="org.seckill.dao.SeckillDaoTest" name="queryAll" time="0"/>
  <testcase classname="org.seckill.dao.SeckillDaoTest" name="reduceNumber" time="0.002"/>
</testsuite>